{
  "RSpec": {
    "coverage": {
      "/Users/Guest/Desktop/EmajurhRails/app/models/user.rb": [
        1,
        null,
        null,
        1,
        null,
        null,
        1,
        1,
        null,
        null,
        1,
        0,
        0,
        0,
        null,
        0,
        0,
        null,
        0,
        0,
        null,
        0,
        0,
        null,
        0,
        null,
        null,
        null
      ],
      "/Users/Guest/Desktop/EmajurhRails/app/helpers/application_helper.rb": [
        1,
        null
      ]
    },
    "timestamp": 1436468909
  }
}
